26/Jul/2023 17:43:42   "GET /?csrfmiddlewaretoken=rKfxwjfjIOQA3X1dqTb4bnCy0bLo3rpxdprh4FCFU5SfW5CUgyw97rf9vl0aLrbC&news_text=jjj&mail_author=frdfdfd%40gfgf.kk&send=%D0%9E%D1%82%D0%BF%D1%80%D0%B0%D0%B2%D0%B8%D1%82%D1%8C HTTP/1.1" 200 6234   
26/Jul/2023 17:43:42   "GET /favicon.ico HTTP/1.1" 200 6234   
26/Jul/2023 17:43:45   "GET /?csrfmiddlewaretoken=rKfxwjfjIOQA3X1dqTb4bnCy0bLo3rpxdprh4FCFU5SfW5CUgyw97rf9vl0aLrbC&news_text=jjj&mail_author=frdfdfd%40gfgf.kk&send=%D0%9E%D1%82%D0%BF%D1%80%D0%B0%D0%B2%D0%B8%D1%82%D1%8C HTTP/1.1" 200 6234   
26/Jul/2023 17:43:45   "GET /favicon.ico HTTP/1.1" 200 6234   
26/Jul/2023 17:43:45   "GET /?csrfmiddlewaretoken=rKfxwjfjIOQA3X1dqTb4bnCy0bLo3rpxdprh4FCFU5SfW5CUgyw97rf9vl0aLrbC&news_text=jjj&mail_author=frdfdfd%40gfgf.kk&send=%D0%9E%D1%82%D0%BF%D1%80%D0%B0%D0%B2%D0%B8%D1%82%D1%8C HTTP/1.1" 200 6234   
26/Jul/2023 17:43:45   "GET /favicon.ico HTTP/1.1" 200 6234   
26/Jul/2023 17:43:46   "GET /?csrfmiddlewaretoken=rKfxwjfjIOQA3X1dqTb4bnCy0bLo3rpxdprh4FCFU5SfW5CUgyw97rf9vl0aLrbC&news_text=jjj&mail_author=frdfdfd%40gfgf.kk&send=%D0%9E%D1%82%D0%BF%D1%80%D0%B0%D0%B2%D0%B8%D1%82%D1%8C HTTP/1.1" 200 6234   
26/Jul/2023 17:43:46   "GET /favicon.ico HTTP/1.1" 200 6234   
26/Jul/2023 17:43:46   "GET /?csrfmiddlewaretoken=rKfxwjfjIOQA3X1dqTb4bnCy0bLo3rpxdprh4FCFU5SfW5CUgyw97rf9vl0aLrbC&news_text=jjj&mail_author=frdfdfd%40gfgf.kk&send=%D0%9E%D1%82%D0%BF%D1%80%D0%B0%D0%B2%D0%B8%D1%82%D1%8C HTTP/1.1" 200 6234   
26/Jul/2023 17:43:46   "GET /favicon.ico HTTP/1.1" 200 6234   
26/Jul/2023 17:43:46   "GET /?csrfmiddlewaretoken=rKfxwjfjIOQA3X1dqTb4bnCy0bLo3rpxdprh4FCFU5SfW5CUgyw97rf9vl0aLrbC&news_text=jjj&mail_author=frdfdfd%40gfgf.kk&send=%D0%9E%D1%82%D0%BF%D1%80%D0%B0%D0%B2%D0%B8%D1%82%D1%8C HTTP/1.1" 200 6234   
26/Jul/2023 17:43:46   "GET /favicon.ico HTTP/1.1" 200 6234   
26/Jul/2023 17:43:46   "GET /?csrfmiddlewaretoken=rKfxwjfjIOQA3X1dqTb4bnCy0bLo3rpxdprh4FCFU5SfW5CUgyw97rf9vl0aLrbC&news_text=jjj&mail_author=frdfdfd%40gfgf.kk&send=%D0%9E%D1%82%D0%BF%D1%80%D0%B0%D0%B2%D0%B8%D1%82%D1%8C HTTP/1.1" 200 6234   
26/Jul/2023 17:43:46   "GET /favicon.ico HTTP/1.1" 200 6234   
26/Jul/2023 17:43:55   "GET / HTTP/1.1" 200 6234   
26/Jul/2023 17:43:55   "GET /favicon.ico HTTP/1.1" 200 6234   
26/Jul/2023 17:44:03   "GET /static/js/bootstrap.min.js.map HTTP/1.1" 404 1777   
26/Jul/2023 17:44:03   "GET /static/js/typed.min.js.map HTTP/1.1" 404 1765   
26/Jul/2023 17:44:03   "GET /static/css/bootstrap.min.css.map HTTP/1.1" 404 1783   
26/Jul/2023 17:44:40   "GET / HTTP/1.1" 200 6234   
26/Jul/2023 17:44:40   "GET /static/css/mdb.min.css HTTP/1.1" 200 8192   
26/Jul/2023 17:44:40   - Broken pipe from ('127.0.0.1', 42354)
   
26/Jul/2023 17:44:40   "GET /static/css/bootstrap.min.css HTTP/1.1" 200 8192   
26/Jul/2023 17:44:40   - Broken pipe from ('127.0.0.1', 42360)
   
26/Jul/2023 17:44:40   "GET /static/images/underline1.png HTTP/1.1" 200 645   
26/Jul/2023 17:44:40   - Broken pipe from ('127.0.0.1', 42378)
   
26/Jul/2023 17:44:40   "GET /static/fonts/Roboto-Light.woff2 HTTP/1.1" 304 0   
26/Jul/2023 17:44:40   "GET /static/fonts/Roboto-Light.woff HTTP/1.1" 304 0   
26/Jul/2023 17:44:40   "GET /static/fonts/Roboto-Medium.ttf HTTP/1.1" 200 315   
26/Jul/2023 17:44:40   - Broken pipe from ('127.0.0.1', 42404)
   
26/Jul/2023 17:44:40   "GET /static/fonts/Roboto-Light.ttf HTTP/1.1" 304 0   
26/Jul/2023 17:45:06   "GET / HTTP/1.1" 200 6234   
26/Jul/2023 17:45:06   "GET / HTTP/1.1" 200 6234   
26/Jul/2023 17:45:07   "GET / HTTP/1.1" 200 6234   
26/Jul/2023 17:45:07   "GET / HTTP/1.1" 200 6234   
26/Jul/2023 17:45:07   "GET / HTTP/1.1" 200 6234   
26/Jul/2023 17:45:07   "GET / HTTP/1.1" 200 6234   
26/Jul/2023 17:45:08   "GET / HTTP/1.1" 200 6234   
26/Jul/2023 17:45:08   "GET / HTTP/1.1" 200 6234   
26/Jul/2023 17:45:08   "GET / HTTP/1.1" 200 6234   
26/Jul/2023 17:45:46   "GET / HTTP/1.1" 200 6234   
26/Jul/2023 17:46:03   "GET / HTTP/1.1" 200 6234   
26/Jul/2023 17:46:05   "GET / HTTP/1.1" 200 6234   
26/Jul/2023 17:46:06   "GET / HTTP/1.1" 200 6234   
26/Jul/2023 17:46:06   "GET / HTTP/1.1" 200 6234   
26/Jul/2023 17:46:07   "GET / HTTP/1.1" 200 6234   
26/Jul/2023 17:46:07   "GET / HTTP/1.1" 200 6234   
26/Jul/2023 17:46:07   "GET / HTTP/1.1" 200 6234   
26/Jul/2023 17:46:07   "GET / HTTP/1.1" 200 6234   
26/Jul/2023 17:46:36   "GET / HTTP/1.1" 200 6234   
26/Jul/2023 17:46:36   "GET / HTTP/1.1" 200 6234   
26/Jul/2023 17:46:53   "GET / HTTP/1.1" 200 6234   
26/Jul/2023 17:46:53   "GET /static/css/bootstrap.min.css HTTP/1.1" 200 140936   
26/Jul/2023 17:46:53   "GET /static/css/mdb.min.css HTTP/1.1" 200 254562   
26/Jul/2023 17:46:53   "GET /static/css/custom.css HTTP/1.1" 200 11590   
26/Jul/2023 17:46:53   "GET /static/js/jquery-3.3.1.min.js HTTP/1.1" 200 87412   
26/Jul/2023 17:46:53   "GET /static/js/bootstrap.min.js HTTP/1.1" 200 51039   
26/Jul/2023 17:46:53   "GET /static/js/wow.min.js HTTP/1.1" 200 14184   
26/Jul/2023 17:46:53   "GET /static/js/mdb.min.js HTTP/1.1" 200 207332   
26/Jul/2023 17:46:53   "GET /static/js/owl.carousel.min.js HTTP/1.1" 200 44342   
26/Jul/2023 17:46:53   "GET /static/js/counter.js HTTP/1.1" 200 4068   
26/Jul/2023 17:46:53   "GET /static/js/typed.min.js HTTP/1.1" 200 11595   
26/Jul/2023 17:46:53   "GET /static/js/jquery.malihu.PageScroll2id.min.js HTTP/1.1" 200 12667   
26/Jul/2023 17:46:53   "GET /static/js/maskedinput.min.js HTTP/1.1" 200 4168   
26/Jul/2023 17:46:53   "GET /static/js/custom.js HTTP/1.1" 200 860   
26/Jul/2023 17:46:53   "GET /static/images/master-na-chas_1.jpg HTTP/1.1" 200 24246   
26/Jul/2023 17:46:53   "GET /static/images/underline1.png HTTP/1.1" 200 645   
26/Jul/2023 17:46:53   "GET /static/fonts/Roboto-Bold.woff2 HTTP/1.1" 200 315   
26/Jul/2023 17:46:53   "GET /static/fonts/Roboto-Medium.woff2 HTTP/1.1" 200 315   
26/Jul/2023 17:46:53   "GET /static/fonts/Roboto-Light.woff2 HTTP/1.1" 200 315   
26/Jul/2023 17:46:53   "GET /static/fonts/Roboto-Regular.woff2 HTTP/1.1" 200 315   
26/Jul/2023 17:46:53   "GET /favicon.ico HTTP/1.1" 200 6234   
26/Jul/2023 17:46:53   "GET /static/fonts/Roboto-Bold.woff HTTP/1.1" 200 315   
26/Jul/2023 17:46:53   "GET /static/fonts/Roboto-Regular.woff HTTP/1.1" 200 315   
26/Jul/2023 17:46:53   "GET /static/fonts/Roboto-Light.woff HTTP/1.1" 200 315   
26/Jul/2023 17:46:53   "GET /static/fonts/Roboto-Medium.woff HTTP/1.1" 200 315   
26/Jul/2023 17:46:53   "GET /static/fonts/Roboto-Bold.ttf HTTP/1.1" 200 315   
26/Jul/2023 17:46:53   "GET /static/fonts/Roboto-Regular.ttf HTTP/1.1" 200 315   
26/Jul/2023 17:46:53   "GET /static/fonts/Roboto-Medium.ttf HTTP/1.1" 200 315   
26/Jul/2023 17:46:53   "GET /static/fonts/Roboto-Light.ttf HTTP/1.1" 200 315   
26/Jan/2024 11:12:13   Watching for file changes with StatReloader   
26/Jan/2024 11:14:32   Watching for file changes with StatReloader   
